{"/home/pandu/git.opinionated.nl/battuta-api/src/core/domain/validation.ts": {"path":"/home/pandu/git.opinionated.nl/battuta-api/src/core/domain/validation.ts","statementMap":{"0":{"start":{"line":13,"column":4},"end":{"line":13,"column":null}},"1":{"start":{"line":14,"column":4},"end":{"line":14,"column":null}},"2":{"start":{"line":18,"column":4},"end":{"line":18,"column":null}},"3":{"start":{"line":22,"column":4},"end":{"line":22,"column":null}},"4":{"start":{"line":6,"column":0},"end":{"line":6,"column":30}}},"fnMap":{"0":{"name":"(anonymous_0)","decl":{"start":{"line":12,"column":2},"end":{"line":12,"column":14}},"loc":{"start":{"line":12,"column":39},"end":{"line":15,"column":3}}},"1":{"name":"(anonymous_1)","decl":{"start":{"line":17,"column":2},"end":{"line":17,"column":13}},"loc":{"start":{"line":17,"column":18},"end":{"line":19,"column":3}}},"2":{"name":"(anonymous_2)","decl":{"start":{"line":21,"column":2},"end":{"line":21,"column":13}},"loc":{"start":{"line":21,"column":20},"end":{"line":23,"column":3}}}},"branchMap":{},"s":{"0":2,"1":2,"2":0,"3":0,"4":1},"f":{"0":2,"1":0,"2":0},"b":{}}
,"/home/pandu/git.opinionated.nl/battuta-api/src/core/utils/predicates.ts": {"path":"/home/pandu/git.opinionated.nl/battuta-api/src/core/utils/predicates.ts","statementMap":{"0":{"start":{"line":2,"column":0},"end":{"line":2,"column":21}},"1":{"start":{"line":4,"column":17},"end":{"line":4,"column":62}},"2":{"start":{"line":5,"column":14},"end":{"line":5,"column":46}},"3":{"start":{"line":5,"column":33},"end":{"line":5,"column":46}},"4":{"start":{"line":6,"column":14},"end":{"line":7,"column":null}},"5":{"start":{"line":10,"column":19},"end":{"line":14,"column":2}},"6":{"start":{"line":16,"column":0},"end":{"line":16,"column":null}}},"fnMap":{"0":{"name":"(anonymous_1)","decl":{"start":{"line":5,"column":14},"end":{"line":5,"column":15}},"loc":{"start":{"line":5,"column":33},"end":{"line":5,"column":46}}}},"branchMap":{},"s":{"0":1,"1":1,"2":1,"3":1,"4":1,"5":1,"6":1},"f":{"0":1},"b":{}}
,"/home/pandu/git.opinionated.nl/battuta-api/src/users/domain/email.ts": {"path":"/home/pandu/git.opinionated.nl/battuta-api/src/users/domain/email.ts","statementMap":{"0":{"start":{"line":1,"column":0},"end":{"line":1,"column":37}},"1":{"start":{"line":2,"column":0},"end":{"line":2,"column":55}},"2":{"start":{"line":3,"column":0},"end":{"line":3,"column":58}},"3":{"start":{"line":4,"column":0},"end":{"line":4,"column":52}},"4":{"start":{"line":8,"column":4},"end":{"line":8,"column":null}},"5":{"start":{"line":12,"column":22},"end":{"line":13,"column":null}},"6":{"start":{"line":13,"column":2},"end":{"line":13,"column":52}},"7":{"start":{"line":16,"column":9},"end":{"line":16,"column":22}}},"fnMap":{"0":{"name":"(anonymous_7)","decl":{"start":{"line":7,"column":2},"end":{"line":7,"column":14}},"loc":{"start":{"line":7,"column":44},"end":{"line":9,"column":3}}},"1":{"name":"(anonymous_8)","decl":{"start":{"line":12,"column":56},"end":{"line":12,"column":57}},"loc":{"start":{"line":13,"column":2},"end":{"line":13,"column":52}}}},"branchMap":{},"s":{"0":1,"1":1,"2":1,"3":1,"4":2,"5":1,"6":2,"7":1},"f":{"0":2,"1":2},"b":{}}
}
